

================================================================
== Vivado HLS Report for 'forward_3'
================================================================
* Date:           Fri May 24 00:15:45 2019

* Version:        2018.3 (Build 2405991 on Thu Dec 06 23:56:15 MST 2018)
* Project:        zynqconn
* Solution:       solution1
* Product family: zynq
* Target device:  xc7z020clg484-1


================================================================
== Performance Estimates
================================================================
+ Timing (ns): 
    * Summary: 
    +--------+-------+----------+------------+
    |  Clock | Target| Estimated| Uncertainty|
    +--------+-------+----------+------------+
    |ap_clk  |  10.00|     7.261|        1.25|
    +--------+-------+----------+------------+

+ Latency (clock cycles): 
    * Summary: 
    +-----+-----+-----+-----+---------+
    |  Latency  |  Interval | Pipeline|
    | min | max | min | max |   Type  |
    +-----+-----+-----+-----+---------+
    |    ?|    ?|    ?|    ?|   none  |
    +-----+-----+-----+-----+---------+

    + Detail: 
        * Instance: 
        N/A

        * Loop: 
        +-----------------+------+------+----------+-----------+-----------+------+----------+
        |                 |   Latency   | Iteration|  Initiation Interval  | Trip |          |
        |    Loop Name    |  min |  max |  Latency |  achieved |   target  | Count| Pipelined|
        +-----------------+------+------+----------+-----------+-----------+------+----------+
        |- Loop 1         |  3200|  3200|         2|          -|          -|  1600|    no    |
        |- Loop 2         |  3420|  3420|       342|          -|          -|    10|    no    |
        | + Loop 2.1      |   340|   340|        34|          -|          -|    10|    no    |
        |  ++ Loop 2.1.1  |    32|    32|         2|          -|          -|    16|    no    |
        |- Loop 3         |  3200|  3200|         2|          -|          -|  1600|    no    |
        +-----------------+------+------+----------+-----------+-----------+------+----------+

============================================================
+ Verbose Summary: Synthesis Manager
============================================================
InlineROM: 1
ExposeGlobal: 0
============================================================
+ Verbose Summary: CDFG Model
============================================================
IsTopModel: 0
ResetActiveHigh: 1
IsCombinational: 0
IsDatapathOnly: 0
HasWiredReturn: 1
HasMFsm: 0
HasVarLatency: 1
IsPipeline: 0
IsRtlPipelined: 0
IsInstanceOverlapped: 0
IsDontTouch: 0
HasImplIP: 0
IsGatedGlobalClock: 0


============================================================
+ Verbose Summary: Schedule
============================================================
* Number of FSM states : 10
* Pipeline : 0
* Dataflow Pipeline: 0

* FSM state transitions: 
1 --> 
	2  / true
2 --> 
	3  / true
3 --> 
	4  / (!tmp)
	5  / (tmp)
4 --> 
	3  / true
5 --> 
	6  / (!exitcond7_i)
	9  / (exitcond7_i)
6 --> 
	7  / (!exitcond8_i)
	5  / (exitcond8_i)
7 --> 
	8  / (!exitcond_i)
	6  / (exitcond_i)
8 --> 
	7  / true
9 --> 
	10  / (!tmp_s)
10 --> 
	9  / true

* FSM state operations: 

State 1 <SV = 0> <Delay = 0.00>
ST_1 : Operation 11 [2/2] (0.00ns)   --->   "call fastcc void @forward_conv.1([1176 x i16]* %conv_layer_5_16_1_0_14_14_6_input_data_V, [1600 x i16]* %conv_layer_5_16_1_0_14_14_6_output_data_V, [2400 x i16]* %conv_layer_5_16_1_0_14_14_6_W_data_V, [1176 x i16]* %conv_layer_5_16_1_0_14_14_6_inpad_data_V)" [zynqconn/CONV_layer.h:51]   --->   Operation 11 'call' <Predicate = true> <Delay = 0.00> <CoreType = "Generic">   --->   Core 0 '' <Latency = 0> <II = 1> <Delay = 1.00> <Generic> <Opcode : >

State 2 <SV = 1> <Delay = 1.76>
ST_2 : Operation 12 [1/2] (0.00ns)   --->   "call fastcc void @forward_conv.1([1176 x i16]* %conv_layer_5_16_1_0_14_14_6_input_data_V, [1600 x i16]* %conv_layer_5_16_1_0_14_14_6_output_data_V, [2400 x i16]* %conv_layer_5_16_1_0_14_14_6_W_data_V, [1176 x i16]* %conv_layer_5_16_1_0_14_14_6_inpad_data_V)" [zynqconn/CONV_layer.h:51]   --->   Operation 12 'call' <Predicate = true> <Delay = 0.00> <CoreType = "Generic">   --->   Core 0 '' <Latency = 0> <II = 1> <Delay = 1.00> <Generic> <Opcode : >
ST_2 : Operation 13 [1/1] (1.76ns)   --->   "br label %1" [zynqconn/Tensor.h:15->zynqconn/CONV_layer.h:52]   --->   Operation 13 'br' <Predicate = true> <Delay = 1.76>

State 3 <SV = 2> <Delay = 3.25>
ST_3 : Operation 14 [1/1] (0.00ns)   --->   "%p_i0_0_i = phi i11 [ 0, %0 ], [ %p_i0, %2 ]"   --->   Operation 14 'phi' 'p_i0_0_i' <Predicate = true> <Delay = 0.00>
ST_3 : Operation 15 [1/1] (0.00ns)   --->   "%p_i0_0_i_cast7 = zext i11 %p_i0_0_i to i64" [zynqconn/Tensor.h:15->zynqconn/CONV_layer.h:52]   --->   Operation 15 'zext' 'p_i0_0_i_cast7' <Predicate = true> <Delay = 0.00>
ST_3 : Operation 16 [1/1] (1.88ns)   --->   "%tmp = icmp eq i11 %p_i0_0_i, -448" [zynqconn/Tensor.h:15->zynqconn/CONV_layer.h:52]   --->   Operation 16 'icmp' 'tmp' <Predicate = true> <Delay = 1.88> <Core = "Cmp">   --->   Core 25 'Cmp' <Latency = 0> <II = 1> <Delay = 1.88> <FuncUnit> <Opcode : 'icmp'> <InPorts = 2> <OutPorts = 1>
ST_3 : Operation 17 [1/1] (0.00ns)   --->   "%empty = call i32 (...)* @_ssdm_op_SpecLoopTripCount(i64 1600, i64 1600, i64 1600)"   --->   Operation 17 'speclooptripcount' 'empty' <Predicate = true> <Delay = 0.00>
ST_3 : Operation 18 [1/1] (1.63ns)   --->   "%p_i0 = add i11 %p_i0_0_i, 1" [zynqconn/Tensor.h:15->zynqconn/CONV_layer.h:52]   --->   Operation 18 'add' 'p_i0' <Predicate = true> <Delay = 1.63> <Core = "AddSub">   --->   Core 14 'AddSub' <Latency = 0> <II = 1> <Delay = 1.63> <FuncUnit> <Opcode : 'add' 'sub'> <InPorts = 2> <OutPorts = 1>
ST_3 : Operation 19 [1/1] (0.00ns)   --->   "br i1 %tmp, label %"operator=.exit.preheader", label %2" [zynqconn/Tensor.h:15->zynqconn/CONV_layer.h:52]   --->   Operation 19 'br' <Predicate = true> <Delay = 0.00>
ST_3 : Operation 20 [1/1] (0.00ns)   --->   "%conv_layer_output_d = getelementptr [1600 x i16]* %conv_layer_5_16_1_0_14_14_6_output_data_V, i64 0, i64 %p_i0_0_i_cast7" [zynqconn/Tensor.h:15->zynqconn/CONV_layer.h:52]   --->   Operation 20 'getelementptr' 'conv_layer_output_d' <Predicate = (!tmp)> <Delay = 0.00>
ST_3 : Operation 21 [2/2] (3.25ns)   --->   "%conv_layer_output_d_3 = load i16* %conv_layer_output_d, align 2" [zynqconn/Tensor.h:15->zynqconn/CONV_layer.h:52]   --->   Operation 21 'load' 'conv_layer_output_d_3' <Predicate = (!tmp)> <Delay = 3.25> <Core = "RAM">   --->   Core 37 'RAM' <Latency = 1> <II = 1> <Delay = 3.25> <Storage> <Opcode : 'load' 'store'> <Ports = 2> <Width = 16> <Depth = 1600> <RAM>
ST_3 : Operation 22 [1/1] (1.76ns)   --->   "br label %"operator=.exit"" [zynqconn/Tensor.h:34->zynqconn/RELU_layer.h:27->zynqconn/CONV_layer.h:53]   --->   Operation 22 'br' <Predicate = (tmp)> <Delay = 1.76>

State 4 <SV = 3> <Delay = 6.50>
ST_4 : Operation 23 [1/2] (3.25ns)   --->   "%conv_layer_output_d_3 = load i16* %conv_layer_output_d, align 2" [zynqconn/Tensor.h:15->zynqconn/CONV_layer.h:52]   --->   Operation 23 'load' 'conv_layer_output_d_3' <Predicate = true> <Delay = 3.25> <Core = "RAM">   --->   Core 37 'RAM' <Latency = 1> <II = 1> <Delay = 3.25> <Storage> <Opcode : 'load' 'store'> <Ports = 2> <Width = 16> <Depth = 1600> <RAM>
ST_4 : Operation 24 [1/1] (0.00ns)   --->   "%conv_layer_relu1_inp = getelementptr [1600 x i16]* %conv_layer_5_16_1_0_14_14_6_relu1_input_data_V, i64 0, i64 %p_i0_0_i_cast7" [zynqconn/Tensor.h:15->zynqconn/CONV_layer.h:52]   --->   Operation 24 'getelementptr' 'conv_layer_relu1_inp' <Predicate = true> <Delay = 0.00>
ST_4 : Operation 25 [1/1] (3.25ns)   --->   "store i16 %conv_layer_output_d_3, i16* %conv_layer_relu1_inp, align 2" [zynqconn/Tensor.h:15->zynqconn/CONV_layer.h:52]   --->   Operation 25 'store' <Predicate = true> <Delay = 3.25> <Core = "RAM">   --->   Core 37 'RAM' <Latency = 1> <II = 1> <Delay = 3.25> <Storage> <Opcode : 'load' 'store'> <Ports = 2> <Width = 16> <Depth = 1600> <RAM>
ST_4 : Operation 26 [1/1] (0.00ns)   --->   "br label %1" [zynqconn/Tensor.h:15->zynqconn/CONV_layer.h:52]   --->   Operation 26 'br' <Predicate = true> <Delay = 0.00>

State 5 <SV = 3> <Delay = 1.76>
ST_5 : Operation 27 [1/1] (0.00ns)   --->   "%p_x_assign = phi i4 [ %ix, %"operator=.exit.loopexit" ], [ 0, %"operator=.exit.preheader" ]"   --->   Operation 27 'phi' 'p_x_assign' <Predicate = true> <Delay = 0.00>
ST_5 : Operation 28 [1/1] (0.00ns)   --->   "%p_x_assign_cast6 = zext i4 %p_x_assign to i11" [zynqconn/Tensor.h:34->zynqconn/RELU_layer.h:27->zynqconn/CONV_layer.h:53]   --->   Operation 28 'zext' 'p_x_assign_cast6' <Predicate = true> <Delay = 0.00>
ST_5 : Operation 29 [1/1] (1.30ns)   --->   "%exitcond7_i = icmp eq i4 %p_x_assign, -6" [zynqconn/RELU_layer.h:20->zynqconn/CONV_layer.h:53]   --->   Operation 29 'icmp' 'exitcond7_i' <Predicate = true> <Delay = 1.30> <Core = "Cmp">   --->   Core 25 'Cmp' <Latency = 0> <II = 1> <Delay = 1.88> <FuncUnit> <Opcode : 'icmp'> <InPorts = 2> <OutPorts = 1>
ST_5 : Operation 30 [1/1] (0.00ns)   --->   "%empty_83 = call i32 (...)* @_ssdm_op_SpecLoopTripCount(i64 10, i64 10, i64 10)"   --->   Operation 30 'speclooptripcount' 'empty_83' <Predicate = true> <Delay = 0.00>
ST_5 : Operation 31 [1/1] (1.73ns)   --->   "%ix = add i4 %p_x_assign, 1" [zynqconn/RELU_layer.h:20->zynqconn/CONV_layer.h:53]   --->   Operation 31 'add' 'ix' <Predicate = true> <Delay = 1.73> <Core = "AddSub">   --->   Core 14 'AddSub' <Latency = 0> <II = 1> <Delay = 1.63> <FuncUnit> <Opcode : 'add' 'sub'> <InPorts = 2> <OutPorts = 1>
ST_5 : Operation 32 [1/1] (0.00ns)   --->   "br i1 %exitcond7_i, label %forward.exit.preheader, label %.preheader62.i.preheader" [zynqconn/RELU_layer.h:20->zynqconn/CONV_layer.h:53]   --->   Operation 32 'br' <Predicate = true> <Delay = 0.00>
ST_5 : Operation 33 [1/1] (1.76ns)   --->   "br label %.preheader62.i" [zynqconn/Tensor.h:34->zynqconn/RELU_layer.h:27->zynqconn/CONV_layer.h:53]   --->   Operation 33 'br' <Predicate = (!exitcond7_i)> <Delay = 1.76>
ST_5 : Operation 34 [1/1] (1.76ns)   --->   "br label %forward.exit" [zynqconn/Tensor.h:15->zynqconn/CONV_layer.h:54]   --->   Operation 34 'br' <Predicate = (exitcond7_i)> <Delay = 1.76>

State 6 <SV = 4> <Delay = 1.87>
ST_6 : Operation 35 [1/1] (0.00ns)   --->   "%p_y_assign = phi i4 [ %iy, %.preheader62.i.loopexit ], [ 0, %.preheader62.i.preheader ]"   --->   Operation 35 'phi' 'p_y_assign' <Predicate = true> <Delay = 0.00>
ST_6 : Operation 36 [1/1] (1.30ns)   --->   "%exitcond8_i = icmp eq i4 %p_y_assign, -6" [zynqconn/RELU_layer.h:21->zynqconn/CONV_layer.h:53]   --->   Operation 36 'icmp' 'exitcond8_i' <Predicate = true> <Delay = 1.30> <Core = "Cmp">   --->   Core 25 'Cmp' <Latency = 0> <II = 1> <Delay = 1.88> <FuncUnit> <Opcode : 'icmp'> <InPorts = 2> <OutPorts = 1>
ST_6 : Operation 37 [1/1] (0.00ns)   --->   "%empty_84 = call i32 (...)* @_ssdm_op_SpecLoopTripCount(i64 10, i64 10, i64 10)"   --->   Operation 37 'speclooptripcount' 'empty_84' <Predicate = true> <Delay = 0.00>
ST_6 : Operation 38 [1/1] (1.73ns)   --->   "%iy = add i4 %p_y_assign, 1" [zynqconn/RELU_layer.h:21->zynqconn/CONV_layer.h:53]   --->   Operation 38 'add' 'iy' <Predicate = true> <Delay = 1.73> <Core = "AddSub">   --->   Core 14 'AddSub' <Latency = 0> <II = 1> <Delay = 1.63> <FuncUnit> <Opcode : 'add' 'sub'> <InPorts = 2> <OutPorts = 1>
ST_6 : Operation 39 [1/1] (0.00ns)   --->   "br i1 %exitcond8_i, label %"operator=.exit.loopexit", label %.preheader.i.preheader" [zynqconn/RELU_layer.h:21->zynqconn/CONV_layer.h:53]   --->   Operation 39 'br' <Predicate = true> <Delay = 0.00>
ST_6 : Operation 40 [1/1] (0.00ns)   --->   "%p_shl_i = call i7 @_ssdm_op_BitConcatenate.i7.i4.i3(i4 %p_y_assign, i3 0)" [zynqconn/Tensor.h:36->zynqconn/RELU_layer.h:24->zynqconn/CONV_layer.h:53]   --->   Operation 40 'bitconcatenate' 'p_shl_i' <Predicate = (!exitcond8_i)> <Delay = 0.00>
ST_6 : Operation 41 [1/1] (0.00ns)   --->   "%p_shl1_i = call i5 @_ssdm_op_BitConcatenate.i5.i4.i1(i4 %p_y_assign, i1 false)" [zynqconn/Tensor.h:36->zynqconn/RELU_layer.h:24->zynqconn/CONV_layer.h:53]   --->   Operation 41 'bitconcatenate' 'p_shl1_i' <Predicate = (!exitcond8_i)> <Delay = 0.00>
ST_6 : Operation 42 [1/1] (0.00ns)   --->   "%p_shl1_i_cast = zext i5 %p_shl1_i to i7" [zynqconn/Tensor.h:36->zynqconn/RELU_layer.h:24->zynqconn/CONV_layer.h:53]   --->   Operation 42 'zext' 'p_shl1_i_cast' <Predicate = (!exitcond8_i)> <Delay = 0.00>
ST_6 : Operation 43 [1/1] (1.87ns)   --->   "%tmp1 = add i7 %p_shl1_i_cast, %p_shl_i" [zynqconn/Tensor.h:36->zynqconn/RELU_layer.h:24->zynqconn/CONV_layer.h:53]   --->   Operation 43 'add' 'tmp1' <Predicate = (!exitcond8_i)> <Delay = 1.87> <Core = "AddSub">   --->   Core 14 'AddSub' <Latency = 0> <II = 1> <Delay = 1.63> <FuncUnit> <Opcode : 'add' 'sub'> <InPorts = 2> <OutPorts = 1>
ST_6 : Operation 44 [1/1] (0.00ns)   --->   "%tmp1_cast = zext i7 %tmp1 to i11" [zynqconn/Tensor.h:36->zynqconn/RELU_layer.h:24->zynqconn/CONV_layer.h:53]   --->   Operation 44 'zext' 'tmp1_cast' <Predicate = (!exitcond8_i)> <Delay = 0.00>
ST_6 : Operation 45 [1/1] (1.76ns)   --->   "br label %.preheader.i" [zynqconn/Tensor.h:34->zynqconn/RELU_layer.h:27->zynqconn/CONV_layer.h:53]   --->   Operation 45 'br' <Predicate = (!exitcond8_i)> <Delay = 1.76>
ST_6 : Operation 46 [1/1] (0.00ns)   --->   "br label %"operator=.exit""   --->   Operation 46 'br' <Predicate = (exitcond8_i)> <Delay = 0.00>

State 7 <SV = 5> <Delay = 7.01>
ST_7 : Operation 47 [1/1] (0.00ns)   --->   "%p_z_assign = phi i5 [ %iz, %_ZltILi16ELi4ELb1EL9ap_q_mode5EL9ap_o_mode3ELi0EEbRK13ap_fixed_baseIXT_EXT0_EXT1_EXT2_EXT3_EXT4_EEi.exit.i ], [ 0, %.preheader.i.preheader ]"   --->   Operation 47 'phi' 'p_z_assign' <Predicate = true> <Delay = 0.00>
ST_7 : Operation 48 [1/1] (0.00ns)   --->   "%phi_mul = phi i11 [ %next_mul, %_ZltILi16ELi4ELb1EL9ap_q_mode5EL9ap_o_mode3ELi0EEbRK13ap_fixed_baseIXT_EXT0_EXT1_EXT2_EXT3_EXT4_EEi.exit.i ], [ 0, %.preheader.i.preheader ]"   --->   Operation 48 'phi' 'phi_mul' <Predicate = true> <Delay = 0.00>
ST_7 : Operation 49 [1/1] (1.36ns)   --->   "%exitcond_i = icmp eq i5 %p_z_assign, -16" [zynqconn/RELU_layer.h:22->zynqconn/CONV_layer.h:53]   --->   Operation 49 'icmp' 'exitcond_i' <Predicate = true> <Delay = 1.36> <Core = "Cmp">   --->   Core 25 'Cmp' <Latency = 0> <II = 1> <Delay = 1.88> <FuncUnit> <Opcode : 'icmp'> <InPorts = 2> <OutPorts = 1>
ST_7 : Operation 50 [1/1] (0.00ns)   --->   "%empty_85 = call i32 (...)* @_ssdm_op_SpecLoopTripCount(i64 16, i64 16, i64 16)"   --->   Operation 50 'speclooptripcount' 'empty_85' <Predicate = true> <Delay = 0.00>
ST_7 : Operation 51 [1/1] (1.78ns)   --->   "%iz = add i5 %p_z_assign, 1" [zynqconn/RELU_layer.h:22->zynqconn/CONV_layer.h:53]   --->   Operation 51 'add' 'iz' <Predicate = true> <Delay = 1.78> <Core = "AddSub">   --->   Core 14 'AddSub' <Latency = 0> <II = 1> <Delay = 1.63> <FuncUnit> <Opcode : 'add' 'sub'> <InPorts = 2> <OutPorts = 1>
ST_7 : Operation 52 [1/1] (0.00ns)   --->   "br i1 %exitcond_i, label %.preheader62.i.loopexit, label %_ZltILi16ELi4ELb1EL9ap_q_mode5EL9ap_o_mode3ELi0EEbRK13ap_fixed_baseIXT_EXT0_EXT1_EXT2_EXT3_EXT4_EEi.exit.i" [zynqconn/RELU_layer.h:22->zynqconn/CONV_layer.h:53]   --->   Operation 52 'br' <Predicate = true> <Delay = 0.00>
ST_7 : Operation 53 [1/1] (1.63ns)   --->   "%next_mul = add i11 100, %phi_mul"   --->   Operation 53 'add' 'next_mul' <Predicate = (!exitcond_i)> <Delay = 1.63> <Core = "AddSub">   --->   Core 14 'AddSub' <Latency = 0> <II = 1> <Delay = 1.63> <FuncUnit> <Opcode : 'add' 'sub'> <InPorts = 2> <OutPorts = 1>
ST_7 : Operation 54 [1/1] (0.00ns) (grouped into TernaryAdder)   --->   "%tmp2 = add i11 %p_x_assign_cast6, %phi_mul" [zynqconn/Tensor.h:36->zynqconn/RELU_layer.h:24->zynqconn/CONV_layer.h:53]   --->   Operation 54 'add' 'tmp2' <Predicate = (!exitcond_i)> <Delay = 0.00> <Core = "TAddSub">   --->   Core 84 'TAddSub' <Latency = 0> <II = 1> <Delay = 1.87> <IPBlock> <Opcode : 'add' 'sub'> <InPorts = 3> <OutPorts = 1> <Sync> <CReg>
ST_7 : Operation 55 [1/1] (3.75ns) (root node of TernaryAdder)   --->   "%tmp_7_i = add i11 %tmp2, %tmp1_cast" [zynqconn/Tensor.h:36->zynqconn/RELU_layer.h:24->zynqconn/CONV_layer.h:53]   --->   Operation 55 'add' 'tmp_7_i' <Predicate = (!exitcond_i)> <Delay = 3.75> <Core = "TAddSub">   --->   Core 84 'TAddSub' <Latency = 0> <II = 1> <Delay = 1.87> <IPBlock> <Opcode : 'add' 'sub'> <InPorts = 3> <OutPorts = 1> <Sync> <CReg>
ST_7 : Operation 56 [1/1] (0.00ns)   --->   "%tmp_8_i = zext i11 %tmp_7_i to i64" [zynqconn/Tensor.h:36->zynqconn/RELU_layer.h:24->zynqconn/CONV_layer.h:53]   --->   Operation 56 'zext' 'tmp_8_i' <Predicate = (!exitcond_i)> <Delay = 0.00>
ST_7 : Operation 57 [1/1] (0.00ns)   --->   "%conv_layer_relu1_inp_3 = getelementptr [1600 x i16]* %conv_layer_5_16_1_0_14_14_6_relu1_input_data_V, i64 0, i64 %tmp_8_i" [zynqconn/RELU_layer.h:24->zynqconn/CONV_layer.h:53]   --->   Operation 57 'getelementptr' 'conv_layer_relu1_inp_3' <Predicate = (!exitcond_i)> <Delay = 0.00>
ST_7 : Operation 58 [2/2] (3.25ns)   --->   "%temp_V = load i16* %conv_layer_relu1_inp_3, align 2" [zynqconn/RELU_layer.h:24->zynqconn/CONV_layer.h:53]   --->   Operation 58 'load' 'temp_V' <Predicate = (!exitcond_i)> <Delay = 3.25> <Core = "RAM">   --->   Core 37 'RAM' <Latency = 1> <II = 1> <Delay = 3.25> <Storage> <Opcode : 'load' 'store'> <Ports = 2> <Width = 16> <Depth = 1600> <RAM>
ST_7 : Operation 59 [1/1] (0.00ns)   --->   "br label %.preheader62.i"   --->   Operation 59 'br' <Predicate = (exitcond_i)> <Delay = 0.00>

State 8 <SV = 6> <Delay = 7.26>
ST_8 : Operation 60 [1/2] (3.25ns)   --->   "%temp_V = load i16* %conv_layer_relu1_inp_3, align 2" [zynqconn/RELU_layer.h:24->zynqconn/CONV_layer.h:53]   --->   Operation 60 'load' 'temp_V' <Predicate = true> <Delay = 3.25> <Core = "RAM">   --->   Core 37 'RAM' <Latency = 1> <II = 1> <Delay = 3.25> <Storage> <Opcode : 'load' 'store'> <Ports = 2> <Width = 16> <Depth = 1600> <RAM>
ST_8 : Operation 61 [1/1] (0.00ns)   --->   "%tmp_73 = trunc i16 %temp_V to i15" [zynqconn/RELU_layer.h:24->zynqconn/CONV_layer.h:53]   --->   Operation 61 'trunc' 'tmp_73' <Predicate = true> <Delay = 0.00>
ST_8 : Operation 62 [1/1] (0.00ns)   --->   "%tmp_74 = call i1 @_ssdm_op_BitSelect.i1.i16.i32(i16 %temp_V, i32 15)" [zynqconn/RELU_layer.h:26->zynqconn/CONV_layer.h:53]   --->   Operation 62 'bitselect' 'tmp_74' <Predicate = true> <Delay = 0.00>
ST_8 : Operation 63 [1/1] (0.00ns)   --->   "%conv_layer_relu1_out = getelementptr [1600 x i15]* %conv_layer_5_16_1_0_14_14_6_relu1_output_data_V, i64 0, i64 %tmp_8_i" [zynqconn/RELU_layer.h:27->zynqconn/CONV_layer.h:53]   --->   Operation 63 'getelementptr' 'conv_layer_relu1_out' <Predicate = true> <Delay = 0.00>
ST_8 : Operation 64 [1/1] (0.75ns)   --->   "%temp_V_1 = select i1 %tmp_74, i15 0, i15 %tmp_73" [zynqconn/RELU_layer.h:26->zynqconn/CONV_layer.h:53]   --->   Operation 64 'select' 'temp_V_1' <Predicate = true> <Delay = 0.75> <Core = "Sel">   --->   Core 26 'Sel' <Latency = 0> <II = 1> <Delay = 0.75> <FuncUnit> <Opcode : 'select'> <InPorts = 3> <OutPorts = 1>
ST_8 : Operation 65 [1/1] (3.25ns)   --->   "store i15 %temp_V_1, i15* %conv_layer_relu1_out, align 2" [zynqconn/RELU_layer.h:27->zynqconn/CONV_layer.h:53]   --->   Operation 65 'store' <Predicate = true> <Delay = 3.25> <Core = "RAM">   --->   Core 37 'RAM' <Latency = 1> <II = 1> <Delay = 3.25> <Storage> <Opcode : 'load' 'store'> <Ports = 2> <Width = 16> <Depth = 1600> <RAM>
ST_8 : Operation 66 [1/1] (0.00ns)   --->   "br label %.preheader.i" [zynqconn/RELU_layer.h:22->zynqconn/CONV_layer.h:53]   --->   Operation 66 'br' <Predicate = true> <Delay = 0.00>

State 9 <SV = 4> <Delay = 3.25>
ST_9 : Operation 67 [1/1] (0.00ns)   --->   "%p_i0_0_i1 = phi i11 [ %p_i0_6, %3 ], [ 0, %forward.exit.preheader ]"   --->   Operation 67 'phi' 'p_i0_0_i1' <Predicate = true> <Delay = 0.00>
ST_9 : Operation 68 [1/1] (0.00ns)   --->   "%p_i0_0_i1_cast3 = zext i11 %p_i0_0_i1 to i64" [zynqconn/Tensor.h:15->zynqconn/CONV_layer.h:54]   --->   Operation 68 'zext' 'p_i0_0_i1_cast3' <Predicate = true> <Delay = 0.00>
ST_9 : Operation 69 [1/1] (1.88ns)   --->   "%tmp_s = icmp eq i11 %p_i0_0_i1, -448" [zynqconn/Tensor.h:15->zynqconn/CONV_layer.h:54]   --->   Operation 69 'icmp' 'tmp_s' <Predicate = true> <Delay = 1.88> <Core = "Cmp">   --->   Core 25 'Cmp' <Latency = 0> <II = 1> <Delay = 1.88> <FuncUnit> <Opcode : 'icmp'> <InPorts = 2> <OutPorts = 1>
ST_9 : Operation 70 [1/1] (0.00ns)   --->   "%empty_86 = call i32 (...)* @_ssdm_op_SpecLoopTripCount(i64 1600, i64 1600, i64 1600)"   --->   Operation 70 'speclooptripcount' 'empty_86' <Predicate = true> <Delay = 0.00>
ST_9 : Operation 71 [1/1] (1.63ns)   --->   "%p_i0_6 = add i11 %p_i0_0_i1, 1" [zynqconn/Tensor.h:15->zynqconn/CONV_layer.h:54]   --->   Operation 71 'add' 'p_i0_6' <Predicate = true> <Delay = 1.63> <Core = "AddSub">   --->   Core 14 'AddSub' <Latency = 0> <II = 1> <Delay = 1.63> <FuncUnit> <Opcode : 'add' 'sub'> <InPorts = 2> <OutPorts = 1>
ST_9 : Operation 72 [1/1] (0.00ns)   --->   "br i1 %tmp_s, label %"operator=.exit2", label %3" [zynqconn/Tensor.h:15->zynqconn/CONV_layer.h:54]   --->   Operation 72 'br' <Predicate = true> <Delay = 0.00>
ST_9 : Operation 73 [1/1] (0.00ns)   --->   "%conv_layer_relu1_out_3 = getelementptr [1600 x i15]* %conv_layer_5_16_1_0_14_14_6_relu1_output_data_V, i64 0, i64 %p_i0_0_i1_cast3" [zynqconn/Tensor.h:15->zynqconn/CONV_layer.h:54]   --->   Operation 73 'getelementptr' 'conv_layer_relu1_out_3' <Predicate = (!tmp_s)> <Delay = 0.00>
ST_9 : Operation 74 [2/2] (3.25ns)   --->   "%conv_layer_relu1_out_4 = load i15* %conv_layer_relu1_out_3, align 2" [zynqconn/Tensor.h:15->zynqconn/CONV_layer.h:54]   --->   Operation 74 'load' 'conv_layer_relu1_out_4' <Predicate = (!tmp_s)> <Delay = 3.25> <Core = "RAM">   --->   Core 37 'RAM' <Latency = 1> <II = 1> <Delay = 3.25> <Storage> <Opcode : 'load' 'store'> <Ports = 2> <Width = 16> <Depth = 1600> <RAM>
ST_9 : Operation 75 [1/1] (0.00ns)   --->   "ret void"   --->   Operation 75 'ret' <Predicate = (tmp_s)> <Delay = 0.00>

State 10 <SV = 5> <Delay = 6.50>
ST_10 : Operation 76 [1/2] (3.25ns)   --->   "%conv_layer_relu1_out_4 = load i15* %conv_layer_relu1_out_3, align 2" [zynqconn/Tensor.h:15->zynqconn/CONV_layer.h:54]   --->   Operation 76 'load' 'conv_layer_relu1_out_4' <Predicate = true> <Delay = 3.25> <Core = "RAM">   --->   Core 37 'RAM' <Latency = 1> <II = 1> <Delay = 3.25> <Storage> <Opcode : 'load' 'store'> <Ports = 2> <Width = 16> <Depth = 1600> <RAM>
ST_10 : Operation 77 [1/1] (0.00ns)   --->   "%extLd = zext i15 %conv_layer_relu1_out_4 to i16" [zynqconn/Tensor.h:15->zynqconn/CONV_layer.h:54]   --->   Operation 77 'zext' 'extLd' <Predicate = true> <Delay = 0.00>
ST_10 : Operation 78 [1/1] (0.00ns)   --->   "%conv_layer_output_d_4 = getelementptr [1600 x i16]* %conv_layer_5_16_1_0_14_14_6_output_data_V, i64 0, i64 %p_i0_0_i1_cast3" [zynqconn/Tensor.h:15->zynqconn/CONV_layer.h:54]   --->   Operation 78 'getelementptr' 'conv_layer_output_d_4' <Predicate = true> <Delay = 0.00>
ST_10 : Operation 79 [1/1] (3.25ns)   --->   "store i16 %extLd, i16* %conv_layer_output_d_4, align 2" [zynqconn/Tensor.h:15->zynqconn/CONV_layer.h:54]   --->   Operation 79 'store' <Predicate = true> <Delay = 3.25> <Core = "RAM">   --->   Core 37 'RAM' <Latency = 1> <II = 1> <Delay = 3.25> <Storage> <Opcode : 'load' 'store'> <Ports = 2> <Width = 16> <Depth = 1600> <RAM>
ST_10 : Operation 80 [1/1] (0.00ns)   --->   "br label %forward.exit" [zynqconn/Tensor.h:15->zynqconn/CONV_layer.h:54]   --->   Operation 80 'br' <Predicate = true> <Delay = 0.00>


============================================================
+ Verbose Summary: Timing violations
============================================================
Target clock period: 10ns, clock uncertainty: 1.25ns.

 <State 1>: 0ns
The critical path consists of the following:

 <State 2>: 1.77ns
The critical path consists of the following:
	multiplexor before 'phi' operation ('__i0') with incoming values : ('__i0', zynqconn/Tensor.h:15->zynqconn/CONV_layer.h:52) [10]  (1.77 ns)

 <State 3>: 3.25ns
The critical path consists of the following:
	'phi' operation ('__i0') with incoming values : ('__i0', zynqconn/Tensor.h:15->zynqconn/CONV_layer.h:52) [10]  (0 ns)
	'getelementptr' operation ('conv_layer_output_d', zynqconn/Tensor.h:15->zynqconn/CONV_layer.h:52) [17]  (0 ns)
	'load' operation ('conv_layer_output_d_3', zynqconn/Tensor.h:15->zynqconn/CONV_layer.h:52) on array 'conv_layer_5_16_1_0_14_14_6_output_data_V' [18]  (3.25 ns)

 <State 4>: 6.51ns
The critical path consists of the following:
	'load' operation ('conv_layer_output_d_3', zynqconn/Tensor.h:15->zynqconn/CONV_layer.h:52) on array 'conv_layer_5_16_1_0_14_14_6_output_data_V' [18]  (3.25 ns)
	'store' operation (zynqconn/Tensor.h:15->zynqconn/CONV_layer.h:52) of variable 'conv_layer_output_d_3', zynqconn/Tensor.h:15->zynqconn/CONV_layer.h:52 on array 'conv_layer_5_16_1_0_14_14_6_relu1_input_data_V' [20]  (3.25 ns)

 <State 5>: 1.77ns
The critical path consists of the following:
	multiplexor before 'phi' operation ('iy') with incoming values : ('iy', zynqconn/RELU_layer.h:21->zynqconn/CONV_layer.h:53) [34]  (1.77 ns)

 <State 6>: 1.87ns
The critical path consists of the following:
	'phi' operation ('iy') with incoming values : ('iy', zynqconn/RELU_layer.h:21->zynqconn/CONV_layer.h:53) [34]  (0 ns)
	'add' operation ('tmp1', zynqconn/Tensor.h:36->zynqconn/RELU_layer.h:24->zynqconn/CONV_layer.h:53) [43]  (1.87 ns)

 <State 7>: 7.01ns
The critical path consists of the following:
	'phi' operation ('phi_mul') with incoming values : ('next_mul') [48]  (0 ns)
	'add' operation ('tmp2', zynqconn/Tensor.h:36->zynqconn/RELU_layer.h:24->zynqconn/CONV_layer.h:53) [55]  (0 ns)
	'add' operation ('tmp_7_i', zynqconn/Tensor.h:36->zynqconn/RELU_layer.h:24->zynqconn/CONV_layer.h:53) [56]  (3.76 ns)
	'getelementptr' operation ('conv_layer_relu1_inp_3', zynqconn/RELU_layer.h:24->zynqconn/CONV_layer.h:53) [58]  (0 ns)
	'load' operation ('temp.V', zynqconn/RELU_layer.h:24->zynqconn/CONV_layer.h:53) on array 'conv_layer_5_16_1_0_14_14_6_relu1_input_data_V' [59]  (3.25 ns)

 <State 8>: 7.26ns
The critical path consists of the following:
	'load' operation ('temp.V', zynqconn/RELU_layer.h:24->zynqconn/CONV_layer.h:53) on array 'conv_layer_5_16_1_0_14_14_6_relu1_input_data_V' [59]  (3.25 ns)
	'select' operation ('temp.V', zynqconn/RELU_layer.h:26->zynqconn/CONV_layer.h:53) [63]  (0.754 ns)
	'store' operation (zynqconn/RELU_layer.h:27->zynqconn/CONV_layer.h:53) of variable 'temp.V', zynqconn/RELU_layer.h:26->zynqconn/CONV_layer.h:53 on array 'conv_layer_5_16_1_0_14_14_6_relu1_output_data_V' [64]  (3.25 ns)

 <State 9>: 3.25ns
The critical path consists of the following:
	'phi' operation ('__i0') with incoming values : ('__i0', zynqconn/Tensor.h:15->zynqconn/CONV_layer.h:54) [73]  (0 ns)
	'getelementptr' operation ('conv_layer_relu1_out_3', zynqconn/Tensor.h:15->zynqconn/CONV_layer.h:54) [80]  (0 ns)
	'load' operation ('conv_layer_relu1_out_4', zynqconn/Tensor.h:15->zynqconn/CONV_layer.h:54) on array 'conv_layer_5_16_1_0_14_14_6_relu1_output_data_V' [81]  (3.25 ns)

 <State 10>: 6.51ns
The critical path consists of the following:
	'load' operation ('conv_layer_relu1_out_4', zynqconn/Tensor.h:15->zynqconn/CONV_layer.h:54) on array 'conv_layer_5_16_1_0_14_14_6_relu1_output_data_V' [81]  (3.25 ns)
	'store' operation (zynqconn/Tensor.h:15->zynqconn/CONV_layer.h:54) of variable 'extLd', zynqconn/Tensor.h:15->zynqconn/CONV_layer.h:54 on array 'conv_layer_5_16_1_0_14_14_6_output_data_V' [84]  (3.25 ns)


============================================================
+ Verbose Summary: Binding
============================================================
N/A
* FSMD analyzer results:
  - Output states:
 - Input state : 
  - Chain level:
	State 1
	State 2
	State 3
	State 4
	State 5
	State 6
	State 7
	State 8
	State 9
	State 10


============================================================
+ Verbose Summary: Datapath Resource usage 
============================================================
N/A
