

================================================================
== Vivado HLS Report for 'Padding_2'
================================================================
* Date:           Fri May 24 00:15:46 2019

* Version:        2018.3 (Build 2405991 on Thu Dec 06 23:56:15 MST 2018)
* Project:        zynqconn
* Solution:       solution1
* Product family: zynq
* Target device:  xc7z020clg484-1


================================================================
== Performance Estimates
================================================================
+ Timing (ns): 
    * Summary: 
    +--------+-------+----------+------------+
    |  Clock | Target| Estimated| Uncertainty|
    +--------+-------+----------+------------+
    |ap_clk  |  10.00|     6.508|        1.25|
    +--------+-------+----------+------------+

+ Latency (clock cycles): 
    * Summary: 
    +-----+-----+-----+-----+---------+
    |  Latency  |  Interval | Pipeline|
    | min | max | min | max |   Type  |
    +-----+-----+-----+-----+---------+
    |  993|  993|  993|  993|   none  |
    +-----+-----+-----+-----+---------+

    + Detail: 
        * Instance: 
        N/A

        * Loop: 
        +-----------------+-----+-----+----------+-----------+-----------+------+----------+
        |                 |  Latency  | Iteration|  Initiation Interval  | Trip |          |
        |    Loop Name    | min | max |  Latency |  achieved |   target  | Count| Pipelined|
        +-----------------+-----+-----+----------+-----------+-----------+------+----------+
        |- Loop 1         |  992|  992|        62|          -|          -|    16|    no    |
        | + Loop 1.1      |   60|   60|        12|          -|          -|     5|    no    |
        |  ++ Loop 1.1.1  |   10|   10|         2|          -|          -|     5|    no    |
        +-----------------+-----+-----+----------+-----------+-----------+------+----------+

============================================================
+ Verbose Summary: Synthesis Manager
============================================================
InlineROM: 1
ExposeGlobal: 0
============================================================
+ Verbose Summary: CDFG Model
============================================================
IsTopModel: 0
ResetActiveHigh: 1
IsCombinational: 0
IsDatapathOnly: 0
HasWiredReturn: 1
HasMFsm: 0
HasVarLatency: 1
IsPipeline: 0
IsRtlPipelined: 0
IsInstanceOverlapped: 0
IsDontTouch: 0
HasImplIP: 0
IsGatedGlobalClock: 0


============================================================
+ Verbose Summary: Schedule
============================================================
* Number of FSM states : 5
* Pipeline : 0
* Dataflow Pipeline: 0

* FSM state transitions: 
1 --> 
	2  / true
2 --> 
	3  / (!exitcond4)
3 --> 
	4  / (!exitcond3)
	2  / (exitcond3)
4 --> 
	5  / (!exitcond)
	3  / (exitcond)
5 --> 
	4  / true

* FSM state operations: 

State 1 <SV = 0> <Delay = 1.76>
ST_1 : Operation 6 [1/1] (1.76ns)   --->   "br label %1" [zynqconn/lenet5.cpp:32]   --->   Operation 6 'br' <Predicate = true> <Delay = 1.76>

State 2 <SV = 1> <Delay = 1.82>
ST_2 : Operation 7 [1/1] (0.00ns)   --->   "%indvars_iv = phi i9 [ %indvars_iv_next, %4 ], [ 5, %0 ]" [zynqconn/lenet5.cpp:32]   --->   Operation 7 'phi' 'indvars_iv' <Predicate = true> <Delay = 0.00>
ST_2 : Operation 8 [1/1] (0.00ns)   --->   "%idx = phi i9 [ %idx_3, %4 ], [ 0, %0 ]"   --->   Operation 8 'phi' 'idx' <Predicate = true> <Delay = 0.00>
ST_2 : Operation 9 [1/1] (0.00ns)   --->   "%z = phi i5 [ %z_1, %4 ], [ 0, %0 ]"   --->   Operation 9 'phi' 'z' <Predicate = true> <Delay = 0.00>
ST_2 : Operation 10 [1/1] (0.00ns)   --->   "%phi_mul = phi i9 [ %next_mul, %4 ], [ 0, %0 ]"   --->   Operation 10 'phi' 'phi_mul' <Predicate = true> <Delay = 0.00>
ST_2 : Operation 11 [1/1] (1.82ns)   --->   "%next_mul = add i9 %phi_mul, 25"   --->   Operation 11 'add' 'next_mul' <Predicate = true> <Delay = 1.82> <Core = "AddSub">   --->   Core 14 'AddSub' <Latency = 0> <II = 1> <Delay = 1.82> <FuncUnit> <Opcode : 'add' 'sub'> <InPorts = 2> <OutPorts = 1>
ST_2 : Operation 12 [1/1] (0.00ns)   --->   "%empty = call i32 (...)* @_ssdm_op_SpecLoopTripCount(i64 16, i64 16, i64 16)"   --->   Operation 12 'speclooptripcount' 'empty' <Predicate = true> <Delay = 0.00>
ST_2 : Operation 13 [1/1] (1.36ns)   --->   "%exitcond4 = icmp eq i5 %z, -16" [zynqconn/lenet5.cpp:32]   --->   Operation 13 'icmp' 'exitcond4' <Predicate = true> <Delay = 1.36> <Core = "Cmp">   --->   Core 25 'Cmp' <Latency = 0> <II = 1> <Delay = 1.66> <FuncUnit> <Opcode : 'icmp'> <InPorts = 2> <OutPorts = 1>
ST_2 : Operation 14 [1/1] (1.78ns)   --->   "%z_1 = add i5 %z, 1" [zynqconn/lenet5.cpp:32]   --->   Operation 14 'add' 'z_1' <Predicate = true> <Delay = 1.78> <Core = "AddSub">   --->   Core 14 'AddSub' <Latency = 0> <II = 1> <Delay = 1.82> <FuncUnit> <Opcode : 'add' 'sub'> <InPorts = 2> <OutPorts = 1>
ST_2 : Operation 15 [1/1] (0.00ns)   --->   "br i1 %exitcond4, label %5, label %.preheader21.preheader" [zynqconn/lenet5.cpp:32]   --->   Operation 15 'br' <Predicate = true> <Delay = 0.00>
ST_2 : Operation 16 [1/1] (1.82ns)   --->   "%idx_3 = add i9 %idx, 25" [zynqconn/lenet5.cpp:39]   --->   Operation 16 'add' 'idx_3' <Predicate = (!exitcond4)> <Delay = 1.82> <Core = "AddSub">   --->   Core 14 'AddSub' <Latency = 0> <II = 1> <Delay = 1.82> <FuncUnit> <Opcode : 'add' 'sub'> <InPorts = 2> <OutPorts = 1>
ST_2 : Operation 17 [1/1] (1.76ns)   --->   "br label %.preheader21" [zynqconn/lenet5.cpp:33]   --->   Operation 17 'br' <Predicate = (!exitcond4)> <Delay = 1.76>
ST_2 : Operation 18 [1/1] (0.00ns)   --->   "ret void" [zynqconn/lenet5.cpp:44]   --->   Operation 18 'ret' <Predicate = (exitcond4)> <Delay = 0.00>

State 3 <SV = 2> <Delay = 1.82>
ST_3 : Operation 19 [1/1] (0.00ns)   --->   "%indvars_iv1 = phi i9 [ %indvars_iv_next2, %3 ], [ %indvars_iv, %.preheader21.preheader ]" [zynqconn/lenet5.cpp:33]   --->   Operation 19 'phi' 'indvars_iv1' <Predicate = true> <Delay = 0.00>
ST_3 : Operation 20 [1/1] (0.00ns)   --->   "%idx_1 = phi i9 [ %tmp_50, %3 ], [ %idx, %.preheader21.preheader ]" [zynqconn/lenet5.cpp:39]   --->   Operation 20 'phi' 'idx_1' <Predicate = true> <Delay = 0.00>
ST_3 : Operation 21 [1/1] (0.00ns)   --->   "%y = phi i3 [ %y_1, %3 ], [ 0, %.preheader21.preheader ]"   --->   Operation 21 'phi' 'y' <Predicate = true> <Delay = 0.00>
ST_3 : Operation 22 [1/1] (0.00ns)   --->   "%y_cast3 = zext i3 %y to i5" [zynqconn/lenet5.cpp:33]   --->   Operation 22 'zext' 'y_cast3' <Predicate = true> <Delay = 0.00>
ST_3 : Operation 23 [1/1] (0.00ns)   --->   "%empty_132 = call i32 (...)* @_ssdm_op_SpecLoopTripCount(i64 5, i64 5, i64 5)"   --->   Operation 23 'speclooptripcount' 'empty_132' <Predicate = true> <Delay = 0.00>
ST_3 : Operation 24 [1/1] (1.13ns)   --->   "%exitcond3 = icmp eq i3 %y, -3" [zynqconn/lenet5.cpp:33]   --->   Operation 24 'icmp' 'exitcond3' <Predicate = true> <Delay = 1.13> <Core = "Cmp">   --->   Core 25 'Cmp' <Latency = 0> <II = 1> <Delay = 1.66> <FuncUnit> <Opcode : 'icmp'> <InPorts = 2> <OutPorts = 1>
ST_3 : Operation 25 [1/1] (1.65ns)   --->   "%y_1 = add i3 %y, 1" [zynqconn/lenet5.cpp:33]   --->   Operation 25 'add' 'y_1' <Predicate = true> <Delay = 1.65> <Core = "AddSub">   --->   Core 14 'AddSub' <Latency = 0> <II = 1> <Delay = 1.82> <FuncUnit> <Opcode : 'add' 'sub'> <InPorts = 2> <OutPorts = 1>
ST_3 : Operation 26 [1/1] (0.00ns)   --->   "br i1 %exitcond3, label %4, label %.preheader.preheader" [zynqconn/lenet5.cpp:33]   --->   Operation 26 'br' <Predicate = true> <Delay = 0.00>
ST_3 : Operation 27 [1/1] (0.00ns)   --->   "%p_shl = call i5 @_ssdm_op_BitConcatenate.i5.i3.i2(i3 %y, i2 0)" [zynqconn/lenet5.cpp:42]   --->   Operation 27 'bitconcatenate' 'p_shl' <Predicate = (!exitcond3)> <Delay = 0.00>
ST_3 : Operation 28 [1/1] (1.82ns)   --->   "%tmp_50 = add i9 %idx_1, 5" [zynqconn/lenet5.cpp:39]   --->   Operation 28 'add' 'tmp_50' <Predicate = (!exitcond3)> <Delay = 1.82> <Core = "AddSub">   --->   Core 14 'AddSub' <Latency = 0> <II = 1> <Delay = 1.82> <FuncUnit> <Opcode : 'add' 'sub'> <InPorts = 2> <OutPorts = 1>
ST_3 : Operation 29 [1/1] (1.78ns)   --->   "%tmp = add i5 %y_cast3, %p_shl" [zynqconn/lenet5.cpp:42]   --->   Operation 29 'add' 'tmp' <Predicate = (!exitcond3)> <Delay = 1.78> <Core = "AddSub">   --->   Core 14 'AddSub' <Latency = 0> <II = 1> <Delay = 1.82> <FuncUnit> <Opcode : 'add' 'sub'> <InPorts = 2> <OutPorts = 1>
ST_3 : Operation 30 [1/1] (0.00ns)   --->   "%tmp_cast = zext i5 %tmp to i9" [zynqconn/lenet5.cpp:42]   --->   Operation 30 'zext' 'tmp_cast' <Predicate = (!exitcond3)> <Delay = 0.00>
ST_3 : Operation 31 [1/1] (1.76ns)   --->   "br label %.preheader" [zynqconn/lenet5.cpp:34]   --->   Operation 31 'br' <Predicate = (!exitcond3)> <Delay = 1.76>
ST_3 : Operation 32 [1/1] (1.82ns)   --->   "%indvars_iv_next = add i9 %indvars_iv, 25" [zynqconn/lenet5.cpp:32]   --->   Operation 32 'add' 'indvars_iv_next' <Predicate = (exitcond3)> <Delay = 1.82> <Core = "AddSub">   --->   Core 14 'AddSub' <Latency = 0> <II = 1> <Delay = 1.82> <FuncUnit> <Opcode : 'add' 'sub'> <InPorts = 2> <OutPorts = 1>
ST_3 : Operation 33 [1/1] (0.00ns)   --->   "br label %1" [zynqconn/lenet5.cpp:32]   --->   Operation 33 'br' <Predicate = (exitcond3)> <Delay = 0.00>

State 4 <SV = 3> <Delay = 3.69>
ST_4 : Operation 34 [1/1] (0.00ns)   --->   "%idx_2 = phi i9 [ %idx_4, %2 ], [ %idx_1, %.preheader.preheader ]" [zynqconn/lenet5.cpp:39]   --->   Operation 34 'phi' 'idx_2' <Predicate = true> <Delay = 0.00>
ST_4 : Operation 35 [1/1] (0.00ns)   --->   "%x = phi i3 [ %x_1, %2 ], [ 0, %.preheader.preheader ]"   --->   Operation 35 'phi' 'x' <Predicate = true> <Delay = 0.00>
ST_4 : Operation 36 [1/1] (0.00ns)   --->   "%x_cast = zext i3 %x to i9" [zynqconn/lenet5.cpp:34]   --->   Operation 36 'zext' 'x_cast' <Predicate = true> <Delay = 0.00>
ST_4 : Operation 37 [1/1] (0.00ns)   --->   "%empty_133 = call i32 (...)* @_ssdm_op_SpecLoopTripCount(i64 5, i64 5, i64 5)"   --->   Operation 37 'speclooptripcount' 'empty_133' <Predicate = true> <Delay = 0.00>
ST_4 : Operation 38 [1/1] (1.66ns)   --->   "%exitcond = icmp eq i9 %idx_2, %indvars_iv1" [zynqconn/lenet5.cpp:34]   --->   Operation 38 'icmp' 'exitcond' <Predicate = true> <Delay = 1.66> <Core = "Cmp">   --->   Core 25 'Cmp' <Latency = 0> <II = 1> <Delay = 1.66> <FuncUnit> <Opcode : 'icmp'> <InPorts = 2> <OutPorts = 1>
ST_4 : Operation 39 [1/1] (1.65ns)   --->   "%x_1 = add i3 %x, 1" [zynqconn/lenet5.cpp:34]   --->   Operation 39 'add' 'x_1' <Predicate = true> <Delay = 1.65> <Core = "AddSub">   --->   Core 14 'AddSub' <Latency = 0> <II = 1> <Delay = 1.82> <FuncUnit> <Opcode : 'add' 'sub'> <InPorts = 2> <OutPorts = 1>
ST_4 : Operation 40 [1/1] (0.00ns)   --->   "br i1 %exitcond, label %3, label %2" [zynqconn/lenet5.cpp:34]   --->   Operation 40 'br' <Predicate = true> <Delay = 0.00>
ST_4 : Operation 41 [1/1] (0.00ns) (grouped into TernaryAdder)   --->   "%tmp1 = add i9 %phi_mul, %x_cast" [zynqconn/lenet5.cpp:42]   --->   Operation 41 'add' 'tmp1' <Predicate = (!exitcond)> <Delay = 0.00> <Core = "TAddSub">   --->   Core 84 'TAddSub' <Latency = 0> <II = 1> <Delay = 1.84> <IPBlock> <Opcode : 'add' 'sub'> <InPorts = 3> <OutPorts = 1> <Sync> <CReg>
ST_4 : Operation 42 [1/1] (3.69ns) (root node of TernaryAdder)   --->   "%tmp_s = add i9 %tmp1, %tmp_cast" [zynqconn/lenet5.cpp:42]   --->   Operation 42 'add' 'tmp_s' <Predicate = (!exitcond)> <Delay = 3.69> <Core = "TAddSub">   --->   Core 84 'TAddSub' <Latency = 0> <II = 1> <Delay = 1.84> <IPBlock> <Opcode : 'add' 'sub'> <InPorts = 3> <OutPorts = 1> <Sync> <CReg>
ST_4 : Operation 43 [1/1] (0.00ns)   --->   "%tmp_104 = zext i9 %idx_2 to i64" [zynqconn/lenet5.cpp:38]   --->   Operation 43 'zext' 'tmp_104' <Predicate = (!exitcond)> <Delay = 0.00>
ST_4 : Operation 44 [1/1] (0.00ns)   --->   "%in_V_addr = getelementptr [400 x i16]* %in_V, i64 0, i64 %tmp_104" [zynqconn/lenet5.cpp:38]   --->   Operation 44 'getelementptr' 'in_V_addr' <Predicate = (!exitcond)> <Delay = 0.00>
ST_4 : Operation 45 [2/2] (3.25ns)   --->   "%in_V_load = load i16* %in_V_addr, align 2" [zynqconn/lenet5.cpp:38]   --->   Operation 45 'load' 'in_V_load' <Predicate = (!exitcond)> <Delay = 3.25> <Core = "RAM">   --->   Core 37 'RAM' <Latency = 1> <II = 1> <Delay = 3.25> <Storage> <Opcode : 'load' 'store'> <Ports = 2> <Width = 16> <Depth = 400> <RAM>
ST_4 : Operation 46 [1/1] (1.82ns)   --->   "%idx_4 = add i9 %idx_2, 1" [zynqconn/lenet5.cpp:39]   --->   Operation 46 'add' 'idx_4' <Predicate = (!exitcond)> <Delay = 1.82> <Core = "AddSub">   --->   Core 14 'AddSub' <Latency = 0> <II = 1> <Delay = 1.82> <FuncUnit> <Opcode : 'add' 'sub'> <InPorts = 2> <OutPorts = 1>
ST_4 : Operation 47 [1/1] (1.82ns)   --->   "%indvars_iv_next2 = add i9 %indvars_iv1, 5" [zynqconn/lenet5.cpp:33]   --->   Operation 47 'add' 'indvars_iv_next2' <Predicate = (exitcond)> <Delay = 1.82> <Core = "AddSub">   --->   Core 14 'AddSub' <Latency = 0> <II = 1> <Delay = 1.82> <FuncUnit> <Opcode : 'add' 'sub'> <InPorts = 2> <OutPorts = 1>
ST_4 : Operation 48 [1/1] (0.00ns)   --->   "br label %.preheader21" [zynqconn/lenet5.cpp:33]   --->   Operation 48 'br' <Predicate = (exitcond)> <Delay = 0.00>

State 5 <SV = 4> <Delay = 6.50>
ST_5 : Operation 49 [1/1] (0.00ns)   --->   "%tmp_103 = zext i9 %tmp_s to i64" [zynqconn/lenet5.cpp:42]   --->   Operation 49 'zext' 'tmp_103' <Predicate = true> <Delay = 0.00>
ST_5 : Operation 50 [1/2] (3.25ns)   --->   "%in_V_load = load i16* %in_V_addr, align 2" [zynqconn/lenet5.cpp:38]   --->   Operation 50 'load' 'in_V_load' <Predicate = true> <Delay = 3.25> <Core = "RAM">   --->   Core 37 'RAM' <Latency = 1> <II = 1> <Delay = 3.25> <Storage> <Opcode : 'load' 'store'> <Ports = 2> <Width = 16> <Depth = 400> <RAM>
ST_5 : Operation 51 [1/1] (0.00ns)   --->   "%out_V_addr = getelementptr [400 x i16]* %out_V, i64 0, i64 %tmp_103" [zynqconn/lenet5.cpp:38]   --->   Operation 51 'getelementptr' 'out_V_addr' <Predicate = true> <Delay = 0.00>
ST_5 : Operation 52 [1/1] (3.25ns)   --->   "store i16 %in_V_load, i16* %out_V_addr, align 2" [zynqconn/lenet5.cpp:38]   --->   Operation 52 'store' <Predicate = true> <Delay = 3.25> <Core = "RAM">   --->   Core 37 'RAM' <Latency = 1> <II = 1> <Delay = 3.25> <Storage> <Opcode : 'load' 'store'> <Ports = 2> <Width = 16> <Depth = 400> <RAM>
ST_5 : Operation 53 [1/1] (0.00ns)   --->   "br label %.preheader" [zynqconn/lenet5.cpp:34]   --->   Operation 53 'br' <Predicate = true> <Delay = 0.00>


============================================================
+ Verbose Summary: Timing violations
============================================================
Target clock period: 10ns, clock uncertainty: 1.25ns.

 <State 1>: 1.77ns
The critical path consists of the following:
	multiplexor before 'phi' operation ('indvars_iv', zynqconn/lenet5.cpp:32) with incoming values : ('indvars_iv_next', zynqconn/lenet5.cpp:32) [5]  (1.77 ns)

 <State 2>: 1.82ns
The critical path consists of the following:
	'phi' operation ('idx') with incoming values : ('idx', zynqconn/lenet5.cpp:39) [6]  (0 ns)
	'add' operation ('idx', zynqconn/lenet5.cpp:39) [15]  (1.82 ns)

 <State 3>: 1.82ns
The critical path consists of the following:
	'phi' operation ('idx_1', zynqconn/lenet5.cpp:39) with incoming values : ('idx', zynqconn/lenet5.cpp:39) ('tmp_50', zynqconn/lenet5.cpp:39) [19]  (0 ns)
	'add' operation ('tmp_50', zynqconn/lenet5.cpp:39) [28]  (1.82 ns)

 <State 4>: 3.7ns
The critical path consists of the following:
	'phi' operation ('x') with incoming values : ('x', zynqconn/lenet5.cpp:34) [34]  (0 ns)
	'add' operation ('tmp1', zynqconn/lenet5.cpp:42) [41]  (0 ns)
	'add' operation ('tmp_s', zynqconn/lenet5.cpp:42) [42]  (3.7 ns)

 <State 5>: 6.51ns
The critical path consists of the following:
	'load' operation ('in_V_load', zynqconn/lenet5.cpp:38) on array 'in_V' [46]  (3.25 ns)
	'store' operation (zynqconn/lenet5.cpp:38) of variable 'in_V_load', zynqconn/lenet5.cpp:38 on array 'out_V' [48]  (3.25 ns)


============================================================
+ Verbose Summary: Binding
============================================================
N/A
* FSMD analyzer results:
  - Output states:
 - Input state : 
  - Chain level:
	State 1
	State 2
	State 3
	State 4
	State 5


============================================================
+ Verbose Summary: Datapath Resource usage 
============================================================
N/A
