INFO: [SIM 2] *************** CSIM start ***************
INFO: [SIM 4] CSIM will launch GCC as the compiler.
   Compiling ../../../TB.cpp in debug mode
   Generating csim.exe
out 5.19043
out -7.43896
out 1.4231
out -1.17505
out 6.99854
out -3.85547
out 1.06519
out -0.0773926
out 4.77661
out 4.70288
dimension 1 x 1 x 10 
-----------------------------
 0.118652
-----------------------------
 0
-----------------------------
 0.00244141
-----------------------------
 0
-----------------------------
 0.724609
-----------------------------
 0
-----------------------------
 0.00170898
-----------------------------
 0.000488281
-----------------------------
 0.0783691
-----------------------------
 0.0727539
-------------------------
cross -2.62067 y 1 yhat 0.0727539

0.010878s elapsed.
error 262.067
INFO: [SIM 1] CSim done with 0 errors.
INFO: [SIM 3] *************** CSIM finish ***************
